<?xml version="1.0" encoding="UTF-8"?>
<coverage generated="1684795577507" clover="3.2.0">
  <project timestamp="1684795577507" name="All files">
    <metrics statements="205" coveredstatements="205" conditionals="99" coveredconditionals="99" methods="34" coveredmethods="34" elements="338" coveredelements="338" complexity="0" loc="205" ncloc="205" packages="3" files="31" classes="31"/>
    <package name="src">
      <metrics statements="49" coveredstatements="49" conditionals="7" coveredconditionals="7" methods="4" coveredmethods="4"/>
      <file name="Vendor.ts" path="/home/runner/work/lw-css-prefixer/lw-css-prefixer/src/Vendor.ts">
        <metrics statements="9" coveredstatements="9" conditionals="2" coveredconditionals="2" methods="1" coveredmethods="1"/>
        <line num="26" count="11" type="cond" truecount="2" falsecount="0"/>
        <line num="30" count="11" type="stmt"/>
        <line num="34" count="11" type="stmt"/>
        <line num="38" count="11" type="stmt"/>
        <line num="42" count="11" type="stmt"/>
        <line num="46" count="11" type="stmt"/>
        <line num="50" count="11" type="stmt"/>
        <line num="54" count="11" type="stmt"/>
        <line num="58" count="11" type="stmt"/>
      </file>
      <file name="plugins.ts" path="/home/runner/work/lw-css-prefixer/lw-css-prefixer/src/plugins.ts">
        <metrics statements="23" coveredstatements="23" conditionals="0" coveredconditionals="0" methods="0" coveredmethods="0"/>
        <line num="1" count="1" type="stmt"/>
        <line num="2" count="1" type="stmt"/>
        <line num="3" count="1" type="stmt"/>
        <line num="4" count="1" type="stmt"/>
        <line num="5" count="1" type="stmt"/>
        <line num="6" count="1" type="stmt"/>
        <line num="7" count="1" type="stmt"/>
        <line num="8" count="1" type="stmt"/>
        <line num="9" count="1" type="stmt"/>
        <line num="10" count="1" type="stmt"/>
        <line num="11" count="1" type="stmt"/>
        <line num="12" count="1" type="stmt"/>
        <line num="13" count="1" type="stmt"/>
        <line num="14" count="1" type="stmt"/>
        <line num="15" count="1" type="stmt"/>
        <line num="16" count="1" type="stmt"/>
        <line num="17" count="1" type="stmt"/>
        <line num="18" count="1" type="stmt"/>
        <line num="19" count="1" type="stmt"/>
        <line num="20" count="1" type="stmt"/>
        <line num="21" count="1" type="stmt"/>
        <line num="22" count="1" type="stmt"/>
        <line num="29" count="1" type="stmt"/>
      </file>
      <file name="prefixer.ts" path="/home/runner/work/lw-css-prefixer/lw-css-prefixer/src/prefixer.ts">
        <metrics statements="15" coveredstatements="15" conditionals="5" coveredconditionals="5" methods="3" coveredmethods="3"/>
        <line num="2" count="2" type="stmt"/>
        <line num="60" count="2" type="stmt"/>
        <line num="63" count="5" type="stmt"/>
        <line num="64" count="315" type="stmt"/>
        <line num="66" count="315" type="stmt"/>
        <line num="68" count="315" type="cond" truecount="1" falsecount="0"/>
        <line num="69" count="110" type="stmt"/>
        <line num="72" count="6586" type="stmt"/>
        <line num="73" count="10155" type="stmt"/>
        <line num="74" count="6586" type="cond" truecount="2" falsecount="0"/>
        <line num="76" count="10155" type="stmt"/>
        <line num="82" count="315" type="stmt"/>
        <line num="83" count="213" type="stmt"/>
        <line num="91" count="315" type="stmt"/>
        <line num="93" count="315" type="stmt"/>
      </file>
      <file name="propertyPrefixes.ts" path="/home/runner/work/lw-css-prefixer/lw-css-prefixer/src/propertyPrefixes.ts">
        <metrics statements="2" coveredstatements="2" conditionals="0" coveredconditionals="0" methods="0" coveredmethods="0"/>
        <line num="1" count="1" type="stmt"/>
        <line num="9" count="1" type="stmt"/>
      </file>
    </package>
    <package name="src.plugin">
      <metrics statements="127" coveredstatements="127" conditionals="81" coveredconditionals="81" methods="20" coveredmethods="20"/>
      <file name="alignContent.ts" path="/home/runner/work/lw-css-prefixer/lw-css-prefixer/src/plugin/alignContent.ts">
        <metrics statements="8" coveredstatements="8" conditionals="4" coveredconditionals="4" methods="1" coveredmethods="1"/>
        <line num="3" count="2" type="stmt"/>
        <line num="4" count="321" type="cond" truecount="1" falsecount="0"/>
        <line num="5" count="285" type="stmt"/>
        <line num="8" count="36" type="stmt"/>
        <line num="15" count="36" type="stmt"/>
        <line num="20" count="36" type="cond" truecount="3" falsecount="0"/>
        <line num="21" count="8" type="stmt"/>
        <line num="24" count="36" type="stmt"/>
      </file>
      <file name="alignItems.ts" path="/home/runner/work/lw-css-prefixer/lw-css-prefixer/src/plugin/alignItems.ts">
        <metrics statements="7" coveredstatements="7" conditionals="4" coveredconditionals="4" methods="1" coveredmethods="1"/>
        <line num="3" count="2" type="stmt"/>
        <line num="4" count="337" type="cond" truecount="1" falsecount="0"/>
        <line num="5" count="305" type="stmt"/>
        <line num="8" count="32" type="stmt"/>
        <line num="10" count="32" type="cond" truecount="3" falsecount="0"/>
        <line num="11" count="4" type="stmt"/>
        <line num="14" count="32" type="stmt"/>
      </file>
      <file name="alignSelf.ts" path="/home/runner/work/lw-css-prefixer/lw-css-prefixer/src/plugin/alignSelf.ts">
        <metrics statements="6" coveredstatements="6" conditionals="4" coveredconditionals="4" methods="1" coveredmethods="1"/>
        <line num="3" count="2" type="stmt"/>
        <line num="4" count="385" type="cond" truecount="1" falsecount="0"/>
        <line num="5" count="353" type="stmt"/>
        <line num="8" count="32" type="cond" truecount="3" falsecount="0"/>
        <line num="9" count="4" type="stmt"/>
        <line num="15" count="28" type="stmt"/>
      </file>
      <file name="backgroundClip.ts" path="/home/runner/work/lw-css-prefixer/lw-css-prefixer/src/plugin/backgroundClip.ts">
        <metrics statements="6" coveredstatements="6" conditionals="3" coveredconditionals="3" methods="2" coveredmethods="2"/>
        <line num="1" count="2" type="stmt"/>
        <line num="2" count="2" type="stmt"/>
        <line num="5" count="2" type="stmt"/>
        <line num="6" count="401" type="cond" truecount="3" falsecount="0"/>
        <line num="7" count="399" type="stmt"/>
        <line num="10" count="6" type="stmt"/>
      </file>
      <file name="border.ts" path="/home/runner/work/lw-css-prefixer/lw-css-prefixer/src/plugin/border.ts">
        <metrics statements="2" coveredstatements="2" conditionals="0" coveredconditionals="0" methods="0" coveredmethods="0"/>
        <line num="1" count="2" type="stmt"/>
        <line num="3" count="2" type="stmt"/>
      </file>
      <file name="calc.ts" path="/home/runner/work/lw-css-prefixer/lw-css-prefixer/src/plugin/calc.ts">
        <metrics statements="3" coveredstatements="3" conditionals="0" coveredconditionals="0" methods="0" coveredmethods="0"/>
        <line num="1" count="2" type="stmt"/>
        <line num="2" count="2" type="stmt"/>
        <line num="4" count="2" type="stmt"/>
      </file>
      <file name="crossFade.ts" path="/home/runner/work/lw-css-prefixer/lw-css-prefixer/src/plugin/crossFade.ts">
        <metrics statements="3" coveredstatements="3" conditionals="0" coveredconditionals="0" methods="0" coveredmethods="0"/>
        <line num="1" count="2" type="stmt"/>
        <line num="2" count="2" type="stmt"/>
        <line num="4" count="2" type="stmt"/>
      </file>
      <file name="cursor.ts" path="/home/runner/work/lw-css-prefixer/lw-css-prefixer/src/plugin/cursor.ts">
        <metrics statements="9" coveredstatements="9" conditionals="4" coveredconditionals="4" methods="2" coveredmethods="2"/>
        <line num="1" count="2" type="stmt"/>
        <line num="2" count="2" type="stmt"/>
        <line num="5" count="2" type="stmt"/>
        <line num="12" count="2" type="stmt"/>
        <line num="13" count="422" type="cond" truecount="3" falsecount="0"/>
        <line num="14" count="410" type="stmt"/>
        <line num="17" count="12" type="cond" truecount="1" falsecount="0"/>
        <line num="18" count="4" type="stmt"/>
        <line num="21" count="16" type="stmt"/>
      </file>
      <file name="display.ts" path="/home/runner/work/lw-css-prefixer/lw-css-prefixer/src/plugin/display.ts">
        <metrics statements="8" coveredstatements="8" conditionals="4" coveredconditionals="4" methods="2" coveredmethods="2"/>
        <line num="3" count="2" type="stmt"/>
        <line num="8" count="2" type="stmt"/>
        <line num="9" count="422" type="cond" truecount="3" falsecount="0"/>
        <line num="10" count="416" type="stmt"/>
        <line num="13" count="6" type="stmt"/>
        <line num="15" count="6" type="cond" truecount="1" falsecount="0"/>
        <line num="16" count="2" type="stmt"/>
        <line num="19" count="16" type="stmt"/>
      </file>
      <file name="filter.ts" path="/home/runner/work/lw-css-prefixer/lw-css-prefixer/src/plugin/filter.ts">
        <metrics statements="3" coveredstatements="3" conditionals="0" coveredconditionals="0" methods="0" coveredmethods="0"/>
        <line num="1" count="2" type="stmt"/>
        <line num="2" count="2" type="stmt"/>
        <line num="4" count="2" type="stmt"/>
      </file>
      <file name="flexBasis.ts" path="/home/runner/work/lw-css-prefixer/lw-css-prefixer/src/plugin/flexBasis.ts">
        <metrics statements="2" coveredstatements="2" conditionals="0" coveredconditionals="0" methods="0" coveredmethods="0"/>
        <line num="1" count="2" type="stmt"/>
        <line num="3" count="2" type="stmt"/>
      </file>
      <file name="flexDirection.ts" path="/home/runner/work/lw-css-prefixer/lw-css-prefixer/src/plugin/flexDirection.ts">
        <metrics statements="12" coveredstatements="12" conditionals="18" coveredconditionals="18" methods="1" coveredmethods="1"/>
        <line num="3" count="2" type="stmt"/>
        <line num="4" count="436" type="cond" truecount="1" falsecount="0"/>
        <line num="5" count="418" type="stmt"/>
        <line num="11" count="18" type="cond" truecount="5" falsecount="0"/>
        <line num="12" count="6" type="stmt"/>
        <line num="13" count="6" type="stmt"/>
        <line num="14" count="12" type="cond" truecount="4" falsecount="0"/>
        <line num="15" count="3" type="stmt"/>
        <line num="16" count="3" type="stmt"/>
        <line num="18" count="9" type="cond" truecount="4" falsecount="0"/>
        <line num="19" count="9" type="cond" truecount="4" falsecount="0"/>
        <line num="22" count="18" type="stmt"/>
      </file>
      <file name="flexFlow.ts" path="/home/runner/work/lw-css-prefixer/lw-css-prefixer/src/plugin/flexFlow.ts">
        <metrics statements="11" coveredstatements="11" conditionals="19" coveredconditionals="19" methods="1" coveredmethods="1"/>
        <line num="3" count="2" type="stmt"/>
        <line num="4" count="484" type="cond" truecount="1" falsecount="0"/>
        <line num="5" count="455" type="stmt"/>
        <line num="8" count="29" type="cond" truecount="3" falsecount="0"/>
        <line num="9" count="4" type="stmt"/>
        <line num="18" count="25" type="cond" truecount="2" falsecount="0"/>
        <line num="25" count="10" type="stmt"/>
        <line num="26" count="10" type="stmt"/>
        <line num="33" count="15" type="cond" truecount="4" falsecount="0"/>
        <line num="34" count="15" type="cond" truecount="4" falsecount="0"/>
        <line num="37" count="25" type="stmt"/>
      </file>
      <file name="flexGrowShrink.ts" path="/home/runner/work/lw-css-prefixer/lw-css-prefixer/src/plugin/flexGrowShrink.ts">
        <metrics statements="2" coveredstatements="2" conditionals="0" coveredconditionals="0" methods="0" coveredmethods="0"/>
        <line num="1" count="2" type="stmt"/>
        <line num="3" count="2" type="stmt"/>
      </file>
      <file name="gradient.ts" path="/home/runner/work/lw-css-prefixer/lw-css-prefixer/src/plugin/gradient.ts">
        <metrics statements="9" coveredstatements="9" conditionals="4" coveredconditionals="4" methods="3" coveredmethods="3"/>
        <line num="2" count="2" type="stmt"/>
        <line num="3" count="2" type="stmt"/>
        <line num="4" count="2" type="stmt"/>
        <line num="6" count="2" type="stmt"/>
        <line num="8" count="2" type="stmt"/>
        <line num="9" count="540" type="cond" truecount="4" falsecount="0"/>
        <line num="10" count="534" type="stmt"/>
        <line num="13" count="6" type="stmt"/>
        <line num="14" count="12" type="stmt"/>
      </file>
      <file name="imageSet.ts" path="/home/runner/work/lw-css-prefixer/lw-css-prefixer/src/plugin/imageSet.ts">
        <metrics statements="3" coveredstatements="3" conditionals="0" coveredconditionals="0" methods="0" coveredmethods="0"/>
        <line num="1" count="2" type="stmt"/>
        <line num="2" count="2" type="stmt"/>
        <line num="4" count="2" type="stmt"/>
      </file>
      <file name="justifyContent.ts" path="/home/runner/work/lw-css-prefixer/lw-css-prefixer/src/plugin/justifyContent.ts">
        <metrics statements="8" coveredstatements="8" conditionals="7" coveredconditionals="7" methods="1" coveredmethods="1"/>
        <line num="3" count="2" type="stmt"/>
        <line num="4" count="560" type="cond" truecount="4" falsecount="0"/>
        <line num="5" count="526" type="stmt"/>
        <line num="8" count="34" type="cond" truecount="1" falsecount="0"/>
        <line num="9" count="2" type="stmt"/>
        <line num="15" count="32" type="stmt"/>
        <line num="22" count="32" type="cond" truecount="2" falsecount="0"/>
        <line num="24" count="32" type="stmt"/>
      </file>
      <file name="justifySelf.ts" path="/home/runner/work/lw-css-prefixer/lw-css-prefixer/src/plugin/justifySelf.ts">
        <metrics statements="2" coveredstatements="2" conditionals="0" coveredconditionals="0" methods="0" coveredmethods="0"/>
        <line num="1" count="2" type="stmt"/>
        <line num="3" count="2" type="stmt"/>
      </file>
      <file name="margin.ts" path="/home/runner/work/lw-css-prefixer/lw-css-prefixer/src/plugin/margin.ts">
        <metrics statements="2" coveredstatements="2" conditionals="0" coveredconditionals="0" methods="0" coveredmethods="0"/>
        <line num="1" count="2" type="stmt"/>
        <line num="3" count="2" type="stmt"/>
      </file>
      <file name="padding.ts" path="/home/runner/work/lw-css-prefixer/lw-css-prefixer/src/plugin/padding.ts">
        <metrics statements="2" coveredstatements="2" conditionals="0" coveredconditionals="0" methods="0" coveredmethods="0"/>
        <line num="1" count="2" type="stmt"/>
        <line num="3" count="2" type="stmt"/>
      </file>
      <file name="position.ts" path="/home/runner/work/lw-css-prefixer/lw-css-prefixer/src/plugin/position.ts">
        <metrics statements="4" coveredstatements="4" conditionals="3" coveredconditionals="3" methods="1" coveredmethods="1"/>
        <line num="3" count="2" type="stmt"/>
        <line num="4" count="596" type="cond" truecount="3" falsecount="0"/>
        <line num="5" count="594" type="stmt"/>
        <line num="8" count="2" type="stmt"/>
      </file>
      <file name="size.ts" path="/home/runner/work/lw-css-prefixer/lw-css-prefixer/src/plugin/size.ts">
        <metrics statements="15" coveredstatements="15" conditionals="7" coveredconditionals="7" methods="4" coveredmethods="4"/>
        <line num="1" count="2" type="stmt"/>
        <line num="2" count="2" type="stmt"/>
        <line num="5" count="2" type="stmt"/>
        <line num="9" count="2" type="stmt"/>
        <line num="18" count="2" type="stmt"/>
        <line num="25" count="2" type="stmt"/>
        <line num="26" count="637" type="stmt"/>
        <line num="28" count="637" type="cond" truecount="3" falsecount="0"/>
        <line num="32" count="637" type="cond" truecount="2" falsecount="0"/>
        <line num="33" count="18" type="stmt"/>
        <line num="34" count="628" type="cond" truecount="1" falsecount="0"/>
        <line num="38" count="44" type="cond" truecount="1" falsecount="0"/>
        <line num="39" count="11" type="stmt"/>
        <line num="41" count="22" type="stmt"/>
        <line num="44" count="66" type="stmt"/>
      </file>
    </package>
    <package name="src.util">
      <metrics statements="29" coveredstatements="29" conditionals="11" coveredconditionals="11" methods="10" coveredmethods="10"/>
      <file name="addVendorPrefixes.ts" path="/home/runner/work/lw-css-prefixer/lw-css-prefixer/src/util/addVendorPrefixes.ts">
        <metrics statements="8" coveredstatements="8" conditionals="3" coveredconditionals="3" methods="2" coveredmethods="2"/>
        <line num="2" count="11" type="stmt"/>
        <line num="3" count="11" type="stmt"/>
        <line num="24" count="11" type="stmt"/>
        <line num="25" count="217" type="stmt"/>
        <line num="27" count="217" type="stmt"/>
        <line num="28" count="651" type="cond" truecount="1" falsecount="0"/>
        <line num="29" count="390" type="stmt"/>
        <line num="35" count="217" type="stmt"/>
      </file>
      <file name="isVendorPrefixed.ts" path="/home/runner/work/lw-css-prefixer/lw-css-prefixer/src/util/isVendorPrefixed.ts">
        <metrics statements="8" coveredstatements="8" conditionals="3" coveredconditionals="3" methods="2" coveredmethods="2"/>
        <line num="2" count="7" type="stmt"/>
        <line num="20" count="7" type="stmt"/>
        <line num="21" count="2341" type="cond" truecount="3" falsecount="0"/>
        <line num="22" count="18" type="stmt"/>
        <line num="25" count="2323" type="stmt"/>
        <line num="26" count="6969" type="stmt"/>
        <line num="29" count="2323" type="stmt"/>
        <line num="31" count="2323" type="stmt"/>
      </file>
      <file name="makeFunctionPlugin.ts" path="/home/runner/work/lw-css-prefixer/lw-css-prefixer/src/util/makeFunctionPlugin.ts">
        <metrics statements="8" coveredstatements="8" conditionals="4" coveredconditionals="4" methods="3" coveredmethods="3"/>
        <line num="3" count="5" type="stmt"/>
        <line num="4" count="5" type="stmt"/>
        <line num="6" count="5" type="stmt"/>
        <line num="10" count="8" type="stmt"/>
        <line num="11" count="1794" type="cond" truecount="1" falsecount="0"/>
        <line num="16" count="1781" type="stmt"/>
        <line num="19" count="13" type="stmt"/>
        <line num="20" count="20" type="stmt"/>
      </file>
      <file name="makePropertyReplacer.ts" path="/home/runner/work/lw-css-prefixer/lw-css-prefixer/src/util/makePropertyReplacer.ts">
        <metrics statements="4" coveredstatements="4" conditionals="1" coveredconditionals="1" methods="3" coveredmethods="3"/>
        <line num="3" count="12" type="stmt"/>
        <line num="4" count="3116" type="cond" truecount="1" falsecount="0"/>
        <line num="5" count="3014" type="stmt"/>
        <line num="8" count="150" type="stmt"/>
      </file>
      <file name="vendorPrefixes.ts" path="/home/runner/work/lw-css-prefixer/lw-css-prefixer/src/util/vendorPrefixes.ts">
        <metrics statements="1" coveredstatements="1" conditionals="0" coveredconditionals="0" methods="0" coveredmethods="0"/>
        <line num="5" count="12" type="stmt"/>
      </file>
    </package>
  </project>
</coverage>
