{"/home/runner/work/lw-css-prefixer/lw-css-prefixer/src/Vendor.ts": {"path":"/home/runner/work/lw-css-prefixer/lw-css-prefixer/src/Vendor.ts","statementMap":{"0":{"start":{"line":26,"column":0},"end":{"line":26,"column":null}},"1":{"start":{"line":30,"column":2},"end":{"line":30,"column":null}},"2":{"start":{"line":34,"column":2},"end":{"line":34,"column":null}},"3":{"start":{"line":38,"column":2},"end":{"line":38,"column":null}},"4":{"start":{"line":42,"column":2},"end":{"line":42,"column":null}},"5":{"start":{"line":46,"column":2},"end":{"line":46,"column":null}},"6":{"start":{"line":50,"column":2},"end":{"line":50,"column":null}},"7":{"start":{"line":54,"column":2},"end":{"line":54,"column":null}},"8":{"start":{"line":58,"column":2},"end":{"line":58,"column":null}}},"fnMap":{"0":{"name":"(anonymous_0)","decl":{"start":{"line":26,"column":0},"end":{"line":26,"column":12}},"loc":{"start":{"line":26,"column":18},"end":{"line":59,"column":1}}}},"branchMap":{"0":{"loc":{"start":{"line":26,"column":12},"end":{"line":26,"column":null}},"type":"binary-expr","locations":[{"start":{"line":26,"column":12},"end":{"line":26,"column":18}},{"start":{"line":26,"column":12},"end":{"line":26,"column":null}}]}},"s":{"0":11,"1":11,"2":11,"3":11,"4":11,"5":11,"6":11,"7":11,"8":11},"f":{"0":11},"b":{"0":[11,11]}}
,"/home/runner/work/lw-css-prefixer/lw-css-prefixer/src/plugins.ts": {"path":"/home/runner/work/lw-css-prefixer/lw-css-prefixer/src/plugins.ts","statementMap":{"0":{"start":{"line":1,"column":0},"end":{"line":1,"column":53}},"1":{"start":{"line":2,"column":0},"end":{"line":2,"column":49}},"2":{"start":{"line":3,"column":0},"end":{"line":3,"column":47}},"3":{"start":{"line":4,"column":0},"end":{"line":4,"column":57}},"4":{"start":{"line":5,"column":0},"end":{"line":5,"column":41}},"5":{"start":{"line":6,"column":0},"end":{"line":6,"column":37}},"6":{"start":{"line":7,"column":0},"end":{"line":7,"column":47}},"7":{"start":{"line":8,"column":0},"end":{"line":8,"column":41}},"8":{"start":{"line":9,"column":0},"end":{"line":9,"column":43}},"9":{"start":{"line":10,"column":0},"end":{"line":10,"column":41}},"10":{"start":{"line":11,"column":0},"end":{"line":11,"column":47}},"11":{"start":{"line":12,"column":0},"end":{"line":12,"column":55}},"12":{"start":{"line":13,"column":0},"end":{"line":13,"column":45}},"13":{"start":{"line":14,"column":0},"end":{"line":14,"column":57}},"14":{"start":{"line":15,"column":0},"end":{"line":15,"column":45}},"15":{"start":{"line":16,"column":0},"end":{"line":16,"column":45}},"16":{"start":{"line":17,"column":0},"end":{"line":17,"column":57}},"17":{"start":{"line":18,"column":0},"end":{"line":18,"column":51}},"18":{"start":{"line":19,"column":0},"end":{"line":19,"column":41}},"19":{"start":{"line":20,"column":0},"end":{"line":20,"column":43}},"20":{"start":{"line":21,"column":0},"end":{"line":21,"column":45}},"21":{"start":{"line":22,"column":0},"end":{"line":22,"column":37}},"22":{"start":{"line":29,"column":13},"end":{"line":52,"column":2}}},"fnMap":{},"branchMap":{},"s":{"0":1,"1":1,"2":1,"3":1,"4":1,"5":1,"6":1,"7":1,"8":1,"9":1,"10":1,"11":1,"12":1,"13":1,"14":1,"15":1,"16":1,"17":1,"18":1,"19":1,"20":1,"21":1,"22":1},"f":{},"b":{}}
,"/home/runner/work/lw-css-prefixer/lw-css-prefixer/src/prefixer.ts": {"path":"/home/runner/work/lw-css-prefixer/lw-css-prefixer/src/prefixer.ts","statementMap":{"0":{"start":{"line":2,"column":0},"end":{"line":2,"column":61}},"1":{"start":{"line":60,"column":24},"end":{"line":63,"column":6}},"2":{"start":{"line":63,"column":5},"end":{"line":94,"column":2}},"3":{"start":{"line":64,"column":47},"end":{"line":64,"column":49}},"4":{"start":{"line":66,"column":32},"end":{"line":66,"column":34}},"5":{"start":{"line":68,"column":2},"end":{"line":70,"column":null}},"6":{"start":{"line":69,"column":4},"end":{"line":69,"column":76}},"7":{"start":{"line":72,"column":2},"end":{"line":80,"column":null}},"8":{"start":{"line":72,"column":23},"end":{"line":72,"column":30}},"9":{"start":{"line":72,"column":19},"end":{"line":72,"column":23}},"10":{"start":{"line":73,"column":4},"end":{"line":79,"column":null}},"11":{"start":{"line":73,"column":48},"end":{"line":73,"column":null}},"12":{"start":{"line":74,"column":6},"end":{"line":74,"column":74}},"13":{"start":{"line":73,"column":15},"end":{"line":73,"column":16}},"14":{"start":{"line":73,"column":30},"end":{"line":73,"column":32}},"15":{"start":{"line":73,"column":43},"end":{"line":73,"column":44}},"16":{"start":{"line":76,"column":6},"end":{"line":78,"column":8}},"17":{"start":{"line":82,"column":2},"end":{"line":84,"column":4}},"18":{"start":{"line":83,"column":38},"end":{"line":83,"column":78}},"19":{"start":{"line":91,"column":2},"end":{"line":91,"column":35}},"20":{"start":{"line":93,"column":2},"end":{"line":93,"column":18}},"21":{"start":{"line":60,"column":13},"end":{"line":60,"column":24}}},"fnMap":{"0":{"name":"(anonymous_0)","decl":{"start":{"line":60,"column":24},"end":{"line":60,"column":null}},"loc":{"start":{"line":62,"column":36},"end":{"line":63,"column":6}}},"1":{"name":"(anonymous_1)","decl":{"start":{"line":63,"column":5},"end":{"line":63,"column":6}},"loc":{"start":{"line":63,"column":47},"end":{"line":94,"column":1}}},"2":{"name":"(anonymous_2)","decl":{"start":{"line":83,"column":22},"end":{"line":83,"column":34}},"loc":{"start":{"line":83,"column":34},"end":{"line":83,"column":39}}}},"branchMap":{"0":{"loc":{"start":{"line":68,"column":2},"end":{"line":70,"column":null}},"type":"if","locations":[{"start":{"line":68,"column":2},"end":{"line":70,"column":null}}]},"1":{"loc":{"start":{"line":74,"column":6},"end":{"line":74,"column":74}},"type":"cond-expr","locations":[{"start":{"line":74,"column":24},"end":{"line":74,"column":32}},{"start":{"line":74,"column":35},"end":{"line":74,"column":74}}]},"2":{"loc":{"start":{"line":77,"column":8},"end":{"line":77,"column":49}},"type":"binary-expr","locations":[{"start":{"line":77,"column":8},"end":{"line":77,"column":43}},{"start":{"line":77,"column":47},"end":{"line":77,"column":49}}]}},"s":{"0":2,"1":2,"2":5,"3":315,"4":315,"5":315,"6":110,"7":315,"8":630,"9":6586,"10":6586,"11":6586,"12":6586,"13":10155,"14":10155,"15":10155,"16":10155,"17":315,"18":213,"19":315,"20":315,"21":2},"f":{"0":5,"1":315,"2":213},"b":{"0":[110],"1":[1939,4647],"2":[10155,9967]}}
,"/home/runner/work/lw-css-prefixer/lw-css-prefixer/src/propertyPrefixes.ts": {"path":"/home/runner/work/lw-css-prefixer/lw-css-prefixer/src/propertyPrefixes.ts","statementMap":{"0":{"start":{"line":1,"column":0},"end":{"line":1,"column":34}},"1":{"start":{"line":9,"column":13},"end":{"line":116,"column":2}}},"fnMap":{},"branchMap":{},"s":{"0":1,"1":1},"f":{},"b":{}}
,"/home/runner/work/lw-css-prefixer/lw-css-prefixer/src/plugin/alignContent.ts": {"path":"/home/runner/work/lw-css-prefixer/lw-css-prefixer/src/plugin/alignContent.ts","statementMap":{"0":{"start":{"line":3,"column":36},"end":{"line":25,"column":1}},"1":{"start":{"line":4,"column":2},"end":{"line":6,"column":null}},"2":{"start":{"line":5,"column":4},"end":{"line":5,"column":11}},"3":{"start":{"line":8,"column":55},"end":{"line":13,"column":4}},"4":{"start":{"line":15,"column":37},"end":{"line":18,"column":4}},"5":{"start":{"line":20,"column":2},"end":{"line":22,"column":null}},"6":{"start":{"line":21,"column":4},"end":{"line":21,"column":49}},"7":{"start":{"line":24,"column":2},"end":{"line":24,"column":18}},"8":{"start":{"line":3,"column":13},"end":{"line":3,"column":36}}},"fnMap":{"0":{"name":"(anonymous_0)","decl":{"start":{"line":3,"column":36},"end":{"line":3,"column":37}},"loc":{"start":{"line":3,"column":52},"end":{"line":25,"column":1}}}},"branchMap":{"0":{"loc":{"start":{"line":4,"column":2},"end":{"line":6,"column":null}},"type":"if","locations":[{"start":{"line":4,"column":2},"end":{"line":6,"column":null}}]},"1":{"loc":{"start":{"line":20,"column":2},"end":{"line":22,"column":null}},"type":"if","locations":[{"start":{"line":20,"column":2},"end":{"line":22,"column":null}}]},"2":{"loc":{"start":{"line":20,"column":6},"end":{"line":20,"column":62}},"type":"binary-expr","locations":[{"start":{"line":20,"column":6},"end":{"line":20,"column":31}},{"start":{"line":20,"column":35},"end":{"line":20,"column":62}}]}},"s":{"0":2,"1":321,"2":285,"3":36,"4":36,"5":36,"6":8,"7":36,"8":2},"f":{"0":321},"b":{"0":[285],"1":[8],"2":[36,36]}}
,"/home/runner/work/lw-css-prefixer/lw-css-prefixer/src/plugin/alignItems.ts": {"path":"/home/runner/work/lw-css-prefixer/lw-css-prefixer/src/plugin/alignItems.ts","statementMap":{"0":{"start":{"line":3,"column":34},"end":{"line":20,"column":1}},"1":{"start":{"line":4,"column":2},"end":{"line":6,"column":null}},"2":{"start":{"line":5,"column":4},"end":{"line":5,"column":11}},"3":{"start":{"line":8,"column":14},"end":{"line":8,"column":19}},"4":{"start":{"line":10,"column":2},"end":{"line":12,"column":null}},"5":{"start":{"line":11,"column":4},"end":{"line":11,"column":39}},"6":{"start":{"line":14,"column":2},"end":{"line":19,"column":4}},"7":{"start":{"line":3,"column":13},"end":{"line":3,"column":34}}},"fnMap":{"0":{"name":"(anonymous_0)","decl":{"start":{"line":3,"column":34},"end":{"line":3,"column":35}},"loc":{"start":{"line":3,"column":50},"end":{"line":20,"column":1}}}},"branchMap":{"0":{"loc":{"start":{"line":4,"column":2},"end":{"line":6,"column":null}},"type":"if","locations":[{"start":{"line":4,"column":2},"end":{"line":6,"column":null}}]},"1":{"loc":{"start":{"line":10,"column":2},"end":{"line":12,"column":null}},"type":"if","locations":[{"start":{"line":10,"column":2},"end":{"line":12,"column":null}}]},"2":{"loc":{"start":{"line":10,"column":6},"end":{"line":10,"column":52}},"type":"binary-expr","locations":[{"start":{"line":10,"column":6},"end":{"line":10,"column":26}},{"start":{"line":10,"column":30},"end":{"line":10,"column":52}}]}},"s":{"0":2,"1":337,"2":305,"3":32,"4":32,"5":4,"6":32,"7":2},"f":{"0":337},"b":{"0":[305],"1":[4],"2":[32,30]}}
,"/home/runner/work/lw-css-prefixer/lw-css-prefixer/src/plugin/alignSelf.ts": {"path":"/home/runner/work/lw-css-prefixer/lw-css-prefixer/src/plugin/alignSelf.ts","statementMap":{"0":{"start":{"line":3,"column":33},"end":{"line":20,"column":1}},"1":{"start":{"line":4,"column":2},"end":{"line":6,"column":null}},"2":{"start":{"line":5,"column":4},"end":{"line":5,"column":11}},"3":{"start":{"line":8,"column":2},"end":{"line":13,"column":null}},"4":{"start":{"line":9,"column":4},"end":{"line":12,"column":6}},"5":{"start":{"line":15,"column":2},"end":{"line":19,"column":4}},"6":{"start":{"line":3,"column":13},"end":{"line":3,"column":33}}},"fnMap":{"0":{"name":"(anonymous_0)","decl":{"start":{"line":3,"column":33},"end":{"line":3,"column":34}},"loc":{"start":{"line":3,"column":49},"end":{"line":20,"column":1}}}},"branchMap":{"0":{"loc":{"start":{"line":4,"column":2},"end":{"line":6,"column":null}},"type":"if","locations":[{"start":{"line":4,"column":2},"end":{"line":6,"column":null}}]},"1":{"loc":{"start":{"line":8,"column":2},"end":{"line":13,"column":null}},"type":"if","locations":[{"start":{"line":8,"column":2},"end":{"line":13,"column":null}}]},"2":{"loc":{"start":{"line":8,"column":6},"end":{"line":8,"column":52}},"type":"binary-expr","locations":[{"start":{"line":8,"column":6},"end":{"line":8,"column":26}},{"start":{"line":8,"column":30},"end":{"line":8,"column":52}}]}},"s":{"0":2,"1":385,"2":353,"3":32,"4":4,"5":28,"6":2},"f":{"0":385},"b":{"0":[353],"1":[4],"2":[32,30]}}
,"/home/runner/work/lw-css-prefixer/lw-css-prefixer/src/plugin/backgroundClip.ts": {"path":"/home/runner/work/lw-css-prefixer/lw-css-prefixer/src/plugin/backgroundClip.ts","statementMap":{"0":{"start":{"line":1,"column":0},"end":{"line":1,"column":35}},"1":{"start":{"line":2,"column":0},"end":{"line":2,"column":62}},"2":{"start":{"line":5,"column":38},"end":{"line":11,"column":1}},"3":{"start":{"line":6,"column":2},"end":{"line":8,"column":null}},"4":{"start":{"line":7,"column":4},"end":{"line":7,"column":11}},"5":{"start":{"line":10,"column":2},"end":{"line":10,"column":100}},"6":{"start":{"line":10,"column":73},"end":{"line":10,"column":99}},"7":{"start":{"line":5,"column":13},"end":{"line":5,"column":38}}},"fnMap":{"0":{"name":"(anonymous_0)","decl":{"start":{"line":5,"column":38},"end":{"line":5,"column":39}},"loc":{"start":{"line":5,"column":54},"end":{"line":11,"column":1}}},"1":{"name":"(anonymous_1)","decl":{"start":{"line":10,"column":53},"end":{"line":10,"column":69}},"loc":{"start":{"line":10,"column":69},"end":{"line":10,"column":74}}}},"branchMap":{"0":{"loc":{"start":{"line":6,"column":2},"end":{"line":8,"column":null}},"type":"if","locations":[{"start":{"line":6,"column":2},"end":{"line":8,"column":null}}]},"1":{"loc":{"start":{"line":6,"column":6},"end":{"line":6,"column":56}},"type":"binary-expr","locations":[{"start":{"line":6,"column":6},"end":{"line":6,"column":36}},{"start":{"line":6,"column":40},"end":{"line":6,"column":56}}]}},"s":{"0":2,"1":2,"2":2,"3":401,"4":399,"5":2,"6":6,"7":2},"f":{"0":401,"1":6},"b":{"0":[399],"1":[401,4]}}
,"/home/runner/work/lw-css-prefixer/lw-css-prefixer/src/plugin/border.ts": {"path":"/home/runner/work/lw-css-prefixer/lw-css-prefixer/src/plugin/border.ts","statementMap":{"0":{"start":{"line":1,"column":0},"end":{"line":1,"column":68}},"1":{"start":{"line":3,"column":13},"end":{"line":20,"column":3}}},"fnMap":{},"branchMap":{},"s":{"0":2,"1":2},"f":{},"b":{}}
,"/home/runner/work/lw-css-prefixer/lw-css-prefixer/src/plugin/calc.ts": {"path":"/home/runner/work/lw-css-prefixer/lw-css-prefixer/src/plugin/calc.ts","statementMap":{"0":{"start":{"line":1,"column":0},"end":{"line":1,"column":35}},"1":{"start":{"line":2,"column":0},"end":{"line":2,"column":64}},"2":{"start":{"line":4,"column":13},"end":{"line":8,"column":2}}},"fnMap":{},"branchMap":{},"s":{"0":2,"1":2,"2":2},"f":{},"b":{}}
,"/home/runner/work/lw-css-prefixer/lw-css-prefixer/src/plugin/crossFade.ts": {"path":"/home/runner/work/lw-css-prefixer/lw-css-prefixer/src/plugin/crossFade.ts","statementMap":{"0":{"start":{"line":1,"column":0},"end":{"line":1,"column":35}},"1":{"start":{"line":2,"column":0},"end":{"line":2,"column":64}},"2":{"start":{"line":4,"column":13},"end":{"line":8,"column":2}}},"fnMap":{},"branchMap":{},"s":{"0":2,"1":2,"2":2},"f":{},"b":{}}
,"/home/runner/work/lw-css-prefixer/lw-css-prefixer/src/plugin/cursor.ts": {"path":"/home/runner/work/lw-css-prefixer/lw-css-prefixer/src/plugin/cursor.ts","statementMap":{"0":{"start":{"line":1,"column":0},"end":{"line":1,"column":35}},"1":{"start":{"line":2,"column":0},"end":{"line":2,"column":62}},"2":{"start":{"line":5,"column":44},"end":{"line":10,"column":2}},"3":{"start":{"line":12,"column":30},"end":{"line":22,"column":1}},"4":{"start":{"line":13,"column":2},"end":{"line":15,"column":null}},"5":{"start":{"line":14,"column":4},"end":{"line":14,"column":11}},"6":{"start":{"line":17,"column":2},"end":{"line":19,"column":null}},"7":{"start":{"line":18,"column":4},"end":{"line":18,"column":11}},"8":{"start":{"line":21,"column":2},"end":{"line":21,"column":73}},"9":{"start":{"line":21,"column":58},"end":{"line":21,"column":72}},"10":{"start":{"line":12,"column":13},"end":{"line":12,"column":30}}},"fnMap":{"0":{"name":"(anonymous_0)","decl":{"start":{"line":12,"column":30},"end":{"line":12,"column":31}},"loc":{"start":{"line":12,"column":46},"end":{"line":22,"column":1}}},"1":{"name":"(anonymous_1)","decl":{"start":{"line":21,"column":53},"end":{"line":21,"column":54}},"loc":{"start":{"line":21,"column":54},"end":{"line":21,"column":59}}}},"branchMap":{"0":{"loc":{"start":{"line":13,"column":2},"end":{"line":15,"column":null}},"type":"if","locations":[{"start":{"line":13,"column":2},"end":{"line":15,"column":null}}]},"1":{"loc":{"start":{"line":13,"column":6},"end":{"line":13,"column":56}},"type":"binary-expr","locations":[{"start":{"line":13,"column":6},"end":{"line":13,"column":31}},{"start":{"line":13,"column":35},"end":{"line":13,"column":56}}]},"2":{"loc":{"start":{"line":17,"column":2},"end":{"line":19,"column":null}},"type":"if","locations":[{"start":{"line":17,"column":2},"end":{"line":19,"column":null}}]}},"s":{"0":2,"1":2,"2":2,"3":2,"4":422,"5":410,"6":12,"7":4,"8":8,"9":16,"10":2},"f":{"0":422,"1":16},"b":{"0":[410],"1":[422,419],"2":[4]}}
,"/home/runner/work/lw-css-prefixer/lw-css-prefixer/src/plugin/display.ts": {"path":"/home/runner/work/lw-css-prefixer/lw-css-prefixer/src/plugin/display.ts","statementMap":{"0":{"start":{"line":3,"column":47},"end":{"line":6,"column":2}},"1":{"start":{"line":8,"column":31},"end":{"line":20,"column":1}},"2":{"start":{"line":9,"column":2},"end":{"line":11,"column":null}},"3":{"start":{"line":10,"column":4},"end":{"line":10,"column":11}},"4":{"start":{"line":13,"column":27},"end":{"line":13,"column":46}},"5":{"start":{"line":15,"column":2},"end":{"line":17,"column":null}},"6":{"start":{"line":16,"column":4},"end":{"line":16,"column":11}},"7":{"start":{"line":19,"column":2},"end":{"line":19,"column":50}},"8":{"start":{"line":19,"column":35},"end":{"line":19,"column":49}},"9":{"start":{"line":8,"column":13},"end":{"line":8,"column":31}}},"fnMap":{"0":{"name":"(anonymous_0)","decl":{"start":{"line":8,"column":31},"end":{"line":8,"column":32}},"loc":{"start":{"line":8,"column":47},"end":{"line":20,"column":1}}},"1":{"name":"(anonymous_1)","decl":{"start":{"line":19,"column":30},"end":{"line":19,"column":31}},"loc":{"start":{"line":19,"column":31},"end":{"line":19,"column":36}}}},"branchMap":{"0":{"loc":{"start":{"line":9,"column":2},"end":{"line":11,"column":null}},"type":"if","locations":[{"start":{"line":9,"column":2},"end":{"line":11,"column":null}}]},"1":{"loc":{"start":{"line":9,"column":6},"end":{"line":9,"column":57}},"type":"binary-expr","locations":[{"start":{"line":9,"column":6},"end":{"line":9,"column":31}},{"start":{"line":9,"column":35},"end":{"line":9,"column":57}}]},"2":{"loc":{"start":{"line":15,"column":2},"end":{"line":17,"column":null}},"type":"if","locations":[{"start":{"line":15,"column":2},"end":{"line":17,"column":null}}]}},"s":{"0":2,"1":2,"2":422,"3":416,"4":6,"5":6,"6":2,"7":4,"8":16,"9":2},"f":{"0":422,"1":16},"b":{"0":[416],"1":[422,419],"2":[2]}}
,"/home/runner/work/lw-css-prefixer/lw-css-prefixer/src/plugin/filter.ts": {"path":"/home/runner/work/lw-css-prefixer/lw-css-prefixer/src/plugin/filter.ts","statementMap":{"0":{"start":{"line":1,"column":0},"end":{"line":1,"column":64}},"1":{"start":{"line":2,"column":0},"end":{"line":2,"column":35}},"2":{"start":{"line":4,"column":13},"end":{"line":8,"column":2}}},"fnMap":{},"branchMap":{},"s":{"0":2,"1":2,"2":2},"f":{},"b":{}}
,"/home/runner/work/lw-css-prefixer/lw-css-prefixer/src/plugin/flexBasis.ts": {"path":"/home/runner/work/lw-css-prefixer/lw-css-prefixer/src/plugin/flexBasis.ts","statementMap":{"0":{"start":{"line":1,"column":0},"end":{"line":1,"column":68}},"1":{"start":{"line":3,"column":13},"end":{"line":5,"column":3}}},"fnMap":{},"branchMap":{},"s":{"0":2,"1":2},"f":{},"b":{}}
,"/home/runner/work/lw-css-prefixer/lw-css-prefixer/src/plugin/flexDirection.ts": {"path":"/home/runner/work/lw-css-prefixer/lw-css-prefixer/src/plugin/flexDirection.ts","statementMap":{"0":{"start":{"line":3,"column":37},"end":{"line":30,"column":1}},"1":{"start":{"line":4,"column":2},"end":{"line":6,"column":null}},"2":{"start":{"line":5,"column":4},"end":{"line":5,"column":11}},"3":{"start":{"line":11,"column":2},"end":{"line":20,"column":null}},"4":{"start":{"line":12,"column":4},"end":{"line":12,"column":24}},"5":{"start":{"line":13,"column":4},"end":{"line":13,"column":25}},"6":{"start":{"line":14,"column":9},"end":{"line":20,"column":null}},"7":{"start":{"line":15,"column":4},"end":{"line":15,"column":29}},"8":{"start":{"line":16,"column":4},"end":{"line":16,"column":28}},"9":{"start":{"line":18,"column":4},"end":{"line":18,"column":105}},"10":{"start":{"line":19,"column":4},"end":{"line":19,"column":105}},"11":{"start":{"line":22,"column":2},"end":{"line":29,"column":4}},"12":{"start":{"line":3,"column":13},"end":{"line":3,"column":37}}},"fnMap":{"0":{"name":"(anonymous_0)","decl":{"start":{"line":3,"column":37},"end":{"line":3,"column":38}},"loc":{"start":{"line":3,"column":53},"end":{"line":30,"column":1}}}},"branchMap":{"0":{"loc":{"start":{"line":4,"column":2},"end":{"line":6,"column":null}},"type":"if","locations":[{"start":{"line":4,"column":2},"end":{"line":6,"column":null}}]},"1":{"loc":{"start":{"line":11,"column":2},"end":{"line":20,"column":null}},"type":"if","locations":[{"start":{"line":11,"column":2},"end":{"line":20,"column":null}},{"start":{"line":14,"column":9},"end":{"line":20,"column":null}}]},"2":{"loc":{"start":{"line":11,"column":6},"end":{"line":11,"column":69}},"type":"binary-expr","locations":[{"start":{"line":11,"column":6},"end":{"line":11,"column":23}},{"start":{"line":11,"column":27},"end":{"line":11,"column":46}},{"start":{"line":11,"column":50},"end":{"line":11,"column":69}}]},"3":{"loc":{"start":{"line":14,"column":9},"end":{"line":20,"column":null}},"type":"if","locations":[{"start":{"line":14,"column":9},"end":{"line":20,"column":null}},{"start":{"line":17,"column":9},"end":{"line":20,"column":null}}]},"4":{"loc":{"start":{"line":14,"column":13},"end":{"line":14,"column":59}},"type":"binary-expr","locations":[{"start":{"line":14,"column":13},"end":{"line":14,"column":31}},{"start":{"line":14,"column":35},"end":{"line":14,"column":59}}]},"5":{"loc":{"start":{"line":18,"column":18},"end":{"line":18,"column":104}},"type":"cond-expr","locations":[{"start":{"line":18,"column":79},"end":{"line":18,"column":89}},{"start":{"line":18,"column":92},"end":{"line":18,"column":104}}]},"6":{"loc":{"start":{"line":18,"column":19},"end":{"line":18,"column":75}},"type":"binary-expr","locations":[{"start":{"line":18,"column":19},"end":{"line":18,"column":44}},{"start":{"line":18,"column":48},"end":{"line":18,"column":75}}]},"7":{"loc":{"start":{"line":19,"column":19},"end":{"line":19,"column":104}},"type":"cond-expr","locations":[{"start":{"line":19,"column":84},"end":{"line":19,"column":92}},{"start":{"line":19,"column":95},"end":{"line":19,"column":104}}]},"8":{"loc":{"start":{"line":19,"column":20},"end":{"line":19,"column":80}},"type":"binary-expr","locations":[{"start":{"line":19,"column":20},"end":{"line":19,"column":45}},{"start":{"line":19,"column":49},"end":{"line":19,"column":80}}]}},"s":{"0":2,"1":436,"2":418,"3":18,"4":6,"5":6,"6":12,"7":3,"8":3,"9":9,"10":9,"11":18,"12":2},"f":{"0":436},"b":{"0":[418],"1":[6,12],"2":[18,16,14],"3":[3,9],"4":[12,10],"5":[5,4],"6":[9,9],"7":[5,4],"8":[9,9]}}
,"/home/runner/work/lw-css-prefixer/lw-css-prefixer/src/plugin/flexFlow.ts": {"path":"/home/runner/work/lw-css-prefixer/lw-css-prefixer/src/plugin/flexFlow.ts","statementMap":{"0":{"start":{"line":3,"column":32},"end":{"line":45,"column":1}},"1":{"start":{"line":4,"column":2},"end":{"line":6,"column":null}},"2":{"start":{"line":5,"column":4},"end":{"line":5,"column":11}},"3":{"start":{"line":8,"column":2},"end":{"line":13,"column":null}},"4":{"start":{"line":9,"column":4},"end":{"line":12,"column":6}},"5":{"start":{"line":18,"column":2},"end":{"line":35,"column":null}},"6":{"start":{"line":25,"column":4},"end":{"line":25,"column":29}},"7":{"start":{"line":26,"column":4},"end":{"line":26,"column":28}},"8":{"start":{"line":33,"column":4},"end":{"line":33,"column":105}},"9":{"start":{"line":34,"column":4},"end":{"line":34,"column":105}},"10":{"start":{"line":37,"column":2},"end":{"line":44,"column":4}},"11":{"start":{"line":3,"column":13},"end":{"line":3,"column":32}}},"fnMap":{"0":{"name":"(anonymous_0)","decl":{"start":{"line":3,"column":32},"end":{"line":3,"column":33}},"loc":{"start":{"line":3,"column":48},"end":{"line":45,"column":1}}}},"branchMap":{"0":{"loc":{"start":{"line":4,"column":2},"end":{"line":6,"column":null}},"type":"if","locations":[{"start":{"line":4,"column":2},"end":{"line":6,"column":null}}]},"1":{"loc":{"start":{"line":8,"column":2},"end":{"line":13,"column":null}},"type":"if","locations":[{"start":{"line":8,"column":2},"end":{"line":13,"column":null}}]},"2":{"loc":{"start":{"line":8,"column":6},"end":{"line":8,"column":44}},"type":"binary-expr","locations":[{"start":{"line":8,"column":6},"end":{"line":8,"column":24}},{"start":{"line":8,"column":28},"end":{"line":8,"column":44}}]},"3":{"loc":{"start":{"line":18,"column":2},"end":{"line":35,"column":null}},"type":"if","locations":[{"start":{"line":18,"column":2},"end":{"line":35,"column":null}},{"start":{"line":27,"column":9},"end":{"line":35,"column":null}}]},"4":{"loc":{"start":{"line":19,"column":4},"end":{"line":23,"column":21}},"type":"binary-expr","locations":[{"start":{"line":19,"column":4},"end":{"line":19,"column":23}},{"start":{"line":20,"column":4},"end":{"line":20,"column":23}},{"start":{"line":21,"column":4},"end":{"line":21,"column":22}},{"start":{"line":22,"column":4},"end":{"line":22,"column":28}},{"start":{"line":23,"column":4},"end":{"line":23,"column":21}}]},"5":{"loc":{"start":{"line":33,"column":18},"end":{"line":33,"column":104}},"type":"cond-expr","locations":[{"start":{"line":33,"column":79},"end":{"line":33,"column":89}},{"start":{"line":33,"column":92},"end":{"line":33,"column":104}}]},"6":{"loc":{"start":{"line":33,"column":19},"end":{"line":33,"column":75}},"type":"binary-expr","locations":[{"start":{"line":33,"column":19},"end":{"line":33,"column":44}},{"start":{"line":33,"column":48},"end":{"line":33,"column":75}}]},"7":{"loc":{"start":{"line":34,"column":19},"end":{"line":34,"column":104}},"type":"cond-expr","locations":[{"start":{"line":34,"column":84},"end":{"line":34,"column":92}},{"start":{"line":34,"column":95},"end":{"line":34,"column":104}}]},"8":{"loc":{"start":{"line":34,"column":20},"end":{"line":34,"column":80}},"type":"binary-expr","locations":[{"start":{"line":34,"column":20},"end":{"line":34,"column":45}},{"start":{"line":34,"column":49},"end":{"line":34,"column":80}}]}},"s":{"0":2,"1":484,"2":455,"3":29,"4":4,"5":25,"6":10,"7":10,"8":15,"9":15,"10":25,"11":2},"f":{"0":484},"b":{"0":[455],"1":[4],"2":[29,27],"3":[10,15],"4":[25,23,21,19,17],"5":[8,7],"6":[15,15],"7":[7,8],"8":[15,15]}}
,"/home/runner/work/lw-css-prefixer/lw-css-prefixer/src/plugin/flexGrowShrink.ts": {"path":"/home/runner/work/lw-css-prefixer/lw-css-prefixer/src/plugin/flexGrowShrink.ts","statementMap":{"0":{"start":{"line":1,"column":0},"end":{"line":1,"column":68}},"1":{"start":{"line":3,"column":13},"end":{"line":14,"column":3}}},"fnMap":{},"branchMap":{},"s":{"0":2,"1":2},"f":{},"b":{}}
,"/home/runner/work/lw-css-prefixer/lw-css-prefixer/src/plugin/gradient.ts": {"path":"/home/runner/work/lw-css-prefixer/lw-css-prefixer/src/plugin/gradient.ts","statementMap":{"0":{"start":{"line":2,"column":0},"end":{"line":2,"column":62}},"1":{"start":{"line":3,"column":0},"end":{"line":3,"column":60}},"2":{"start":{"line":4,"column":0},"end":{"line":4,"column":35}},"3":{"start":{"line":6,"column":15},"end":{"line":6,"column":102}},"4":{"start":{"line":8,"column":32},"end":{"line":16,"column":1}},"5":{"start":{"line":9,"column":2},"end":{"line":11,"column":null}},"6":{"start":{"line":10,"column":4},"end":{"line":10,"column":11}},"7":{"start":{"line":13,"column":2},"end":{"line":15,"column":4}},"8":{"start":{"line":14,"column":13},"end":{"line":14,"column":null}},"9":{"start":{"line":14,"column":56},"end":{"line":14,"column":72}},"10":{"start":{"line":8,"column":13},"end":{"line":8,"column":32}}},"fnMap":{"0":{"name":"(anonymous_0)","decl":{"start":{"line":8,"column":32},"end":{"line":8,"column":33}},"loc":{"start":{"line":8,"column":48},"end":{"line":16,"column":1}}},"1":{"name":"(anonymous_1)","decl":{"start":{"line":14,"column":4},"end":{"line":14,"column":5}},"loc":{"start":{"line":14,"column":8},"end":{"line":14,"column":14}}},"2":{"name":"(anonymous_2)","decl":{"start":{"line":14,"column":46},"end":{"line":14,"column":47}},"loc":{"start":{"line":14,"column":51},"end":{"line":14,"column":59}}}},"branchMap":{"0":{"loc":{"start":{"line":9,"column":2},"end":{"line":11,"column":null}},"type":"if","locations":[{"start":{"line":9,"column":2},"end":{"line":11,"column":null}}]},"1":{"loc":{"start":{"line":9,"column":6},"end":{"line":9,"column":81}},"type":"binary-expr","locations":[{"start":{"line":9,"column":6},"end":{"line":9,"column":29}},{"start":{"line":9,"column":33},"end":{"line":9,"column":58}},{"start":{"line":9,"column":62},"end":{"line":9,"column":81}}]}},"s":{"0":2,"1":2,"2":2,"3":2,"4":2,"5":540,"6":534,"7":6,"8":12,"9":12,"10":2},"f":{"0":540,"1":12,"2":12},"b":{"0":[534],"1":[540,510,507]}}
,"/home/runner/work/lw-css-prefixer/lw-css-prefixer/src/plugin/imageSet.ts": {"path":"/home/runner/work/lw-css-prefixer/lw-css-prefixer/src/plugin/imageSet.ts","statementMap":{"0":{"start":{"line":1,"column":0},"end":{"line":1,"column":64}},"1":{"start":{"line":2,"column":0},"end":{"line":2,"column":35}},"2":{"start":{"line":4,"column":13},"end":{"line":8,"column":2}}},"fnMap":{},"branchMap":{},"s":{"0":2,"1":2,"2":2},"f":{},"b":{}}
,"/home/runner/work/lw-css-prefixer/lw-css-prefixer/src/plugin/justifyContent.ts": {"path":"/home/runner/work/lw-css-prefixer/lw-css-prefixer/src/plugin/justifyContent.ts","statementMap":{"0":{"start":{"line":3,"column":38},"end":{"line":30,"column":1}},"1":{"start":{"line":4,"column":2},"end":{"line":6,"column":null}},"2":{"start":{"line":5,"column":4},"end":{"line":5,"column":11}},"3":{"start":{"line":8,"column":2},"end":{"line":13,"column":null}},"4":{"start":{"line":9,"column":4},"end":{"line":12,"column":6}},"5":{"start":{"line":15,"column":47},"end":{"line":20,"column":4}},"6":{"start":{"line":22,"column":22},"end":{"line":22,"column":50}},"7":{"start":{"line":24,"column":2},"end":{"line":29,"column":4}},"8":{"start":{"line":3,"column":13},"end":{"line":3,"column":38}}},"fnMap":{"0":{"name":"(anonymous_0)","decl":{"start":{"line":3,"column":38},"end":{"line":3,"column":39}},"loc":{"start":{"line":3,"column":54},"end":{"line":30,"column":1}}}},"branchMap":{"0":{"loc":{"start":{"line":4,"column":2},"end":{"line":6,"column":null}},"type":"if","locations":[{"start":{"line":4,"column":2},"end":{"line":6,"column":null}}]},"1":{"loc":{"start":{"line":4,"column":6},"end":{"line":4,"column":75}},"type":"binary-expr","locations":[{"start":{"line":4,"column":6},"end":{"line":4,"column":36}},{"start":{"line":4,"column":40},"end":{"line":4,"column":46}},{"start":{"line":4,"column":50},"end":{"line":4,"column":75}}]},"2":{"loc":{"start":{"line":8,"column":2},"end":{"line":13,"column":null}},"type":"if","locations":[{"start":{"line":8,"column":2},"end":{"line":13,"column":null}}]},"3":{"loc":{"start":{"line":22,"column":22},"end":{"line":22,"column":50}},"type":"binary-expr","locations":[{"start":{"line":22,"column":22},"end":{"line":22,"column":41}},{"start":{"line":22,"column":45},"end":{"line":22,"column":50}}]}},"s":{"0":2,"1":560,"2":526,"3":34,"4":2,"5":32,"6":32,"7":32,"8":2},"f":{"0":560},"b":{"0":[526],"1":[560,37,35],"2":[2],"3":[32,26]}}
,"/home/runner/work/lw-css-prefixer/lw-css-prefixer/src/plugin/justifySelf.ts": {"path":"/home/runner/work/lw-css-prefixer/lw-css-prefixer/src/plugin/justifySelf.ts","statementMap":{"0":{"start":{"line":1,"column":0},"end":{"line":1,"column":68}},"1":{"start":{"line":3,"column":13},"end":{"line":5,"column":3}}},"fnMap":{},"branchMap":{},"s":{"0":2,"1":2},"f":{},"b":{}}
,"/home/runner/work/lw-css-prefixer/lw-css-prefixer/src/plugin/margin.ts": {"path":"/home/runner/work/lw-css-prefixer/lw-css-prefixer/src/plugin/margin.ts","statementMap":{"0":{"start":{"line":1,"column":0},"end":{"line":1,"column":68}},"1":{"start":{"line":3,"column":13},"end":{"line":8,"column":3}}},"fnMap":{},"branchMap":{},"s":{"0":2,"1":2},"f":{},"b":{}}
,"/home/runner/work/lw-css-prefixer/lw-css-prefixer/src/plugin/padding.ts": {"path":"/home/runner/work/lw-css-prefixer/lw-css-prefixer/src/plugin/padding.ts","statementMap":{"0":{"start":{"line":1,"column":0},"end":{"line":1,"column":68}},"1":{"start":{"line":3,"column":13},"end":{"line":8,"column":3}}},"fnMap":{},"branchMap":{},"s":{"0":2,"1":2},"f":{},"b":{}}
,"/home/runner/work/lw-css-prefixer/lw-css-prefixer/src/plugin/position.ts": {"path":"/home/runner/work/lw-css-prefixer/lw-css-prefixer/src/plugin/position.ts","statementMap":{"0":{"start":{"line":3,"column":32},"end":{"line":9,"column":1}},"1":{"start":{"line":4,"column":2},"end":{"line":6,"column":null}},"2":{"start":{"line":5,"column":4},"end":{"line":5,"column":11}},"3":{"start":{"line":8,"column":2},"end":{"line":8,"column":42}},"4":{"start":{"line":3,"column":13},"end":{"line":3,"column":32}}},"fnMap":{"0":{"name":"(anonymous_0)","decl":{"start":{"line":3,"column":32},"end":{"line":3,"column":33}},"loc":{"start":{"line":3,"column":48},"end":{"line":9,"column":1}}}},"branchMap":{"0":{"loc":{"start":{"line":4,"column":2},"end":{"line":6,"column":null}},"type":"if","locations":[{"start":{"line":4,"column":2},"end":{"line":6,"column":null}}]},"1":{"loc":{"start":{"line":4,"column":6},"end":{"line":4,"column":51}},"type":"binary-expr","locations":[{"start":{"line":4,"column":6},"end":{"line":4,"column":29}},{"start":{"line":4,"column":33},"end":{"line":4,"column":51}}]}},"s":{"0":2,"1":596,"2":594,"3":2,"4":2},"f":{"0":596},"b":{"0":[594],"1":[596,6]}}
,"/home/runner/work/lw-css-prefixer/lw-css-prefixer/src/plugin/size.ts": {"path":"/home/runner/work/lw-css-prefixer/lw-css-prefixer/src/plugin/size.ts","statementMap":{"0":{"start":{"line":1,"column":0},"end":{"line":1,"column":35}},"1":{"start":{"line":2,"column":0},"end":{"line":2,"column":62}},"2":{"start":{"line":5,"column":13},"end":{"line":7,"column":2}},"3":{"start":{"line":9,"column":13},"end":{"line":16,"column":2}},"4":{"start":{"line":18,"column":13},"end":{"line":23,"column":2}},"5":{"start":{"line":25,"column":28},"end":{"line":46,"column":1}},"6":{"start":{"line":26,"column":31},"end":{"line":26,"column":71}},"7":{"start":{"line":28,"column":28},"end":{"line":30,"column":30}},"8":{"start":{"line":32,"column":2},"end":{"line":45,"column":null}},"9":{"start":{"line":33,"column":4},"end":{"line":33,"column":107}},"10":{"start":{"line":33,"column":80},"end":{"line":33,"column":106}},"11":{"start":{"line":34,"column":9},"end":{"line":45,"column":null}},"12":{"start":{"line":38,"column":4},"end":{"line":42,"column":null}},"13":{"start":{"line":39,"column":6},"end":{"line":41,"column":55}},"14":{"start":{"line":41,"column":30},"end":{"line":41,"column":54}},"15":{"start":{"line":44,"column":4},"end":{"line":44,"column":97}},"16":{"start":{"line":44,"column":72},"end":{"line":44,"column":96}},"17":{"start":{"line":25,"column":13},"end":{"line":25,"column":28}}},"fnMap":{"0":{"name":"(anonymous_0)","decl":{"start":{"line":25,"column":28},"end":{"line":25,"column":29}},"loc":{"start":{"line":25,"column":44},"end":{"line":46,"column":1}}},"1":{"name":"(anonymous_1)","decl":{"start":{"line":33,"column":58},"end":{"line":33,"column":59}},"loc":{"start":{"line":33,"column":75},"end":{"line":33,"column":81}}},"2":{"name":"(anonymous_2)","decl":{"start":{"line":41,"column":13},"end":{"line":41,"column":14}},"loc":{"start":{"line":41,"column":25},"end":{"line":41,"column":31}}},"3":{"name":"(anonymous_3)","decl":{"start":{"line":44,"column":55},"end":{"line":44,"column":56}},"loc":{"start":{"line":44,"column":67},"end":{"line":44,"column":73}}}},"branchMap":{"0":{"loc":{"start":{"line":28,"column":28},"end":{"line":30,"column":30}},"type":"binary-expr","locations":[{"start":{"line":28,"column":28},"end":{"line":28,"column":65}},{"start":{"line":29,"column":4},"end":{"line":29,"column":29}},{"start":{"line":30,"column":4},"end":{"line":30,"column":30}}]},"1":{"loc":{"start":{"line":32,"column":2},"end":{"line":45,"column":null}},"type":"if","locations":[{"start":{"line":32,"column":2},"end":{"line":45,"column":null}},{"start":{"line":34,"column":9},"end":{"line":45,"column":null}}]},"2":{"loc":{"start":{"line":34,"column":9},"end":{"line":45,"column":null}},"type":"if","locations":[{"start":{"line":34,"column":9},"end":{"line":45,"column":null}}]},"3":{"loc":{"start":{"line":38,"column":4},"end":{"line":42,"column":null}},"type":"if","locations":[{"start":{"line":38,"column":4},"end":{"line":42,"column":null}}]}},"s":{"0":2,"1":2,"2":2,"3":2,"4":2,"5":2,"6":637,"7":637,"8":637,"9":9,"10":18,"11":628,"12":44,"13":11,"14":22,"15":33,"16":66,"17":2},"f":{"0":637,"1":18,"2":22,"3":66},"b":{"0":[637,77,77],"1":[9,628],"2":[44],"3":[11]}}
,"/home/runner/work/lw-css-prefixer/lw-css-prefixer/src/util/addVendorPrefixes.ts": {"path":"/home/runner/work/lw-css-prefixer/lw-css-prefixer/src/util/addVendorPrefixes.ts","statementMap":{"0":{"start":{"line":2,"column":0},"end":{"line":2,"column":35}},"1":{"start":{"line":3,"column":0},"end":{"line":3,"column":50}},"2":{"start":{"line":24,"column":33},"end":{"line":36,"column":1}},"3":{"start":{"line":25,"column":29},"end":{"line":25,"column":31}},"4":{"start":{"line":27,"column":2},"end":{"line":33,"column":5}},"5":{"start":{"line":28,"column":4},"end":{"line":32,"column":null}},"6":{"start":{"line":29,"column":6},"end":{"line":31,"column":8}},"7":{"start":{"line":35,"column":2},"end":{"line":35,"column":18}},"8":{"start":{"line":24,"column":13},"end":{"line":24,"column":33}}},"fnMap":{"0":{"name":"(anonymous_0)","decl":{"start":{"line":24,"column":33},"end":{"line":24,"column":34}},"loc":{"start":{"line":24,"column":82},"end":{"line":36,"column":1}}},"1":{"name":"(anonymous_1)","decl":{"start":{"line":27,"column":38},"end":{"line":27,"column":39}},"loc":{"start":{"line":27,"column":45},"end":{"line":33,"column":3}}}},"branchMap":{"0":{"loc":{"start":{"line":28,"column":4},"end":{"line":32,"column":null}},"type":"if","locations":[{"start":{"line":28,"column":4},"end":{"line":32,"column":null}}]},"1":{"loc":{"start":{"line":30,"column":67},"end":{"line":30,"column":86}},"type":"binary-expr","locations":[{"start":{"line":30,"column":67},"end":{"line":30,"column":80}},{"start":{"line":30,"column":84},"end":{"line":30,"column":86}}]}},"s":{"0":11,"1":11,"2":11,"3":217,"4":217,"5":651,"6":390,"7":217,"8":11},"f":{"0":217,"1":651},"b":{"0":[390],"1":[390,34]}}
,"/home/runner/work/lw-css-prefixer/lw-css-prefixer/src/util/isVendorPrefixed.ts": {"path":"/home/runner/work/lw-css-prefixer/lw-css-prefixer/src/util/isVendorPrefixed.ts","statementMap":{"0":{"start":{"line":2,"column":0},"end":{"line":2,"column":50}},"1":{"start":{"line":20,"column":32},"end":{"line":32,"column":1}},"2":{"start":{"line":21,"column":2},"end":{"line":23,"column":null}},"3":{"start":{"line":22,"column":4},"end":{"line":22,"column":17}},"4":{"start":{"line":25,"column":22},"end":{"line":26,"column":null}},"5":{"start":{"line":26,"column":13},"end":{"line":26,"column":null}},"6":{"start":{"line":29,"column":17},"end":{"line":29,"column":56}},"7":{"start":{"line":31,"column":2},"end":{"line":31,"column":36}},"8":{"start":{"line":20,"column":13},"end":{"line":20,"column":32}}},"fnMap":{"0":{"name":"(anonymous_0)","decl":{"start":{"line":20,"column":32},"end":{"line":20,"column":33}},"loc":{"start":{"line":20,"column":64},"end":{"line":32,"column":1}}},"1":{"name":"(anonymous_1)","decl":{"start":{"line":26,"column":4},"end":{"line":26,"column":5}},"loc":{"start":{"line":26,"column":8},"end":{"line":26,"column":27}}}},"branchMap":{"0":{"loc":{"start":{"line":21,"column":2},"end":{"line":23,"column":null}},"type":"if","locations":[{"start":{"line":21,"column":2},"end":{"line":23,"column":null}}]},"1":{"loc":{"start":{"line":21,"column":6},"end":{"line":21,"column":57}},"type":"binary-expr","locations":[{"start":{"line":21,"column":6},"end":{"line":21,"column":20}},{"start":{"line":21,"column":24},"end":{"line":21,"column":57}}]}},"s":{"0":7,"1":7,"2":2341,"3":18,"4":2323,"5":6969,"6":2323,"7":2323,"8":7},"f":{"0":2341,"1":6969},"b":{"0":[18],"1":[2341,2329]}}
,"/home/runner/work/lw-css-prefixer/lw-css-prefixer/src/util/makeFunctionPlugin.ts": {"path":"/home/runner/work/lw-css-prefixer/lw-css-prefixer/src/util/makeFunctionPlugin.ts","statementMap":{"0":{"start":{"line":3,"column":0},"end":{"line":3,"column":56}},"1":{"start":{"line":4,"column":0},"end":{"line":4,"column":54}},"2":{"start":{"line":6,"column":34},"end":{"line":10,"column":14}},"3":{"start":{"line":10,"column":13},"end":{"line":25,"column":2}},"4":{"start":{"line":11,"column":2},"end":{"line":17,"column":null}},"5":{"start":{"line":16,"column":4},"end":{"line":16,"column":11}},"6":{"start":{"line":19,"column":2},"end":{"line":24,"column":4}},"7":{"start":{"line":20,"column":13},"end":{"line":23,"column":null}},"8":{"start":{"line":6,"column":13},"end":{"line":6,"column":34}}},"fnMap":{"0":{"name":"(anonymous_0)","decl":{"start":{"line":6,"column":34},"end":{"line":6,"column":null}},"loc":{"start":{"line":9,"column":39},"end":{"line":10,"column":14}}},"1":{"name":"(anonymous_1)","decl":{"start":{"line":10,"column":13},"end":{"line":10,"column":14}},"loc":{"start":{"line":10,"column":29},"end":{"line":25,"column":1}}},"2":{"name":"(anonymous_2)","decl":{"start":{"line":20,"column":4},"end":{"line":20,"column":5}},"loc":{"start":{"line":20,"column":8},"end":{"line":20,"column":14}}}},"branchMap":{"0":{"loc":{"start":{"line":11,"column":2},"end":{"line":17,"column":null}},"type":"if","locations":[{"start":{"line":11,"column":2},"end":{"line":17,"column":null}}]},"1":{"loc":{"start":{"line":12,"column":4},"end":{"line":14,"column":55}},"type":"binary-expr","locations":[{"start":{"line":12,"column":4},"end":{"line":12,"column":27}},{"start":{"line":13,"column":4},"end":{"line":13,"column":29}},{"start":{"line":14,"column":4},"end":{"line":14,"column":55}}]}},"s":{"0":5,"1":5,"2":5,"3":8,"4":1794,"5":1781,"6":13,"7":20,"8":5},"f":{"0":8,"1":1794,"2":20},"b":{"0":[1781],"1":[1794,1714,1702]}}
,"/home/runner/work/lw-css-prefixer/lw-css-prefixer/src/util/makePropertyReplacer.ts": {"path":"/home/runner/work/lw-css-prefixer/lw-css-prefixer/src/util/makePropertyReplacer.ts","statementMap":{"0":{"start":{"line":3,"column":36},"end":{"line":3,"column":89}},"1":{"start":{"line":3,"column":88},"end":{"line":12,"column":2}},"2":{"start":{"line":4,"column":2},"end":{"line":6,"column":null}},"3":{"start":{"line":5,"column":4},"end":{"line":5,"column":11}},"4":{"start":{"line":8,"column":2},"end":{"line":11,"column":5}},"5":{"start":{"line":8,"column":61},"end":{"line":11,"column":4}},"6":{"start":{"line":3,"column":13},"end":{"line":3,"column":36}}},"fnMap":{"0":{"name":"(anonymous_0)","decl":{"start":{"line":3,"column":36},"end":{"line":3,"column":37}},"loc":{"start":{"line":3,"column":75},"end":{"line":3,"column":89}}},"1":{"name":"(anonymous_1)","decl":{"start":{"line":3,"column":88},"end":{"line":3,"column":89}},"loc":{"start":{"line":3,"column":104},"end":{"line":12,"column":1}}},"2":{"name":"(anonymous_2)","decl":{"start":{"line":8,"column":36},"end":{"line":8,"column":37}},"loc":{"start":{"line":8,"column":56},"end":{"line":8,"column":null}}}},"branchMap":{"0":{"loc":{"start":{"line":4,"column":2},"end":{"line":6,"column":null}},"type":"if","locations":[{"start":{"line":4,"column":2},"end":{"line":6,"column":null}}]}},"s":{"0":7,"1":12,"2":3116,"3":3014,"4":102,"5":150,"6":7},"f":{"0":12,"1":3116,"2":150},"b":{"0":[3014]}}
,"/home/runner/work/lw-css-prefixer/lw-css-prefixer/src/util/vendorPrefixes.ts": {"path":"/home/runner/work/lw-css-prefixer/lw-css-prefixer/src/util/vendorPrefixes.ts","statementMap":{"0":{"start":{"line":5,"column":13},"end":{"line":9,"column":11}}},"fnMap":{},"branchMap":{},"s":{"0":12},"f":{},"b":{}}
}
