TN:
SF:src/Vendor.ts
FN:26,(anonymous_0)
FNF:1
FNH:1
FNDA:11,(anonymous_0)
DA:26,11
DA:30,11
DA:34,11
DA:38,11
DA:42,11
DA:46,11
DA:50,11
DA:54,11
DA:58,11
LF:9
LH:9
BRDA:26,0,0,11
BRDA:26,0,1,11
BRF:2
BRH:2
end_of_record
TN:
SF:src/plugins.ts
FNF:0
FNH:0
DA:1,1
DA:2,1
DA:3,1
DA:4,1
DA:5,1
DA:6,1
DA:7,1
DA:8,1
DA:9,1
DA:10,1
DA:11,1
DA:12,1
DA:13,1
DA:14,1
DA:15,1
DA:16,1
DA:17,1
DA:18,1
DA:19,1
DA:20,1
DA:21,1
DA:22,1
DA:29,1
LF:23
LH:23
BRF:0
BRH:0
end_of_record
TN:
SF:src/prefixer.ts
FN:49,(anonymous_0)
FN:52,(anonymous_1)
FN:70,(anonymous_2)
FNF:3
FNH:3
FNDA:5,(anonymous_0)
FNDA:303,(anonymous_1)
FNDA:207,(anonymous_2)
DA:2,2
DA:49,2
DA:52,5
DA:53,303
DA:55,303
DA:57,303
DA:58,107
DA:61,6580
DA:62,10149
DA:63,10149
DA:69,303
DA:70,207
DA:78,303
DA:80,303
LF:14
LH:14
BRDA:57,0,0,107
BRDA:62,1,0,1939
BRDA:62,1,1,4641
BRDA:64,2,0,10149
BRDA:64,2,1,9964
BRF:5
BRH:5
end_of_record
TN:
SF:src/propertyPrefixes.ts
FNF:0
FNH:0
DA:1,1
DA:9,1
LF:2
LH:2
BRF:0
BRH:0
end_of_record
TN:
SF:src/plugin/alignContent.ts
FN:3,(anonymous_0)
FNF:1
FNH:1
FNDA:318,(anonymous_0)
DA:3,2
DA:4,318
DA:5,282
DA:8,36
DA:15,36
LF:5
LH:5
BRDA:4,0,0,282
BRDA:17,1,0,36
BRDA:17,1,1,28
BRF:3
BRH:3
end_of_record
TN:
SF:src/plugin/alignItems.ts
FN:3,(anonymous_0)
FNF:1
FNH:1
FNDA:334,(anonymous_0)
DA:3,2
DA:4,334
DA:5,302
DA:8,32
DA:10,32
DA:11,4
DA:14,32
LF:7
LH:7
BRDA:4,0,0,302
BRDA:10,1,0,4
BRDA:10,2,0,32
BRDA:10,2,1,30
BRF:4
BRH:4
end_of_record
TN:
SF:src/plugin/alignSelf.ts
FN:3,(anonymous_0)
FNF:1
FNH:1
FNDA:382,(anonymous_0)
DA:3,2
DA:4,382
DA:5,350
DA:8,32
DA:9,4
DA:15,28
LF:6
LH:6
BRDA:4,0,0,350
BRDA:8,1,0,4
BRDA:8,2,0,32
BRDA:8,2,1,30
BRF:4
BRH:4
end_of_record
TN:
SF:src/plugin/backgroundClip.ts
FN:5,(anonymous_0)
FN:10,(anonymous_1)
FNF:2
FNH:2
FNDA:398,(anonymous_0)
FNDA:6,(anonymous_1)
DA:1,2
DA:2,2
DA:5,2
DA:6,398
DA:7,396
DA:10,6
LF:6
LH:6
BRDA:6,0,0,396
BRDA:6,1,0,398
BRDA:6,1,1,4
BRF:3
BRH:3
end_of_record
TN:
SF:src/plugin/border.ts
FNF:0
FNH:0
DA:1,2
DA:3,2
LF:2
LH:2
BRF:0
BRH:0
end_of_record
TN:
SF:src/plugin/calc.ts
FNF:0
FNH:0
DA:1,2
DA:2,2
DA:4,2
LF:3
LH:3
BRF:0
BRH:0
end_of_record
TN:
SF:src/plugin/crossFade.ts
FNF:0
FNH:0
DA:1,2
DA:2,2
DA:4,2
LF:3
LH:3
BRF:0
BRH:0
end_of_record
TN:
SF:src/plugin/cursor.ts
FN:12,(anonymous_0)
FN:21,(anonymous_1)
FNF:2
FNH:2
FNDA:419,(anonymous_0)
FNDA:16,(anonymous_1)
DA:1,2
DA:2,2
DA:5,2
DA:12,2
DA:13,419
DA:14,407
DA:17,12
DA:18,4
DA:21,16
LF:9
LH:9
BRDA:13,0,0,407
BRDA:17,1,0,4
BRF:2
BRH:2
end_of_record
TN:
SF:src/plugin/display.ts
FN:8,(anonymous_0)
FN:19,(anonymous_1)
FNF:2
FNH:2
FNDA:419,(anonymous_0)
FNDA:16,(anonymous_1)
DA:3,2
DA:8,2
DA:9,419
DA:10,413
DA:13,6
DA:15,6
DA:16,2
DA:19,16
LF:8
LH:8
BRDA:9,0,0,413
BRDA:15,1,0,2
BRF:2
BRH:2
end_of_record
TN:
SF:src/plugin/filter.ts
FNF:0
FNH:0
DA:1,2
DA:2,2
DA:4,2
LF:3
LH:3
BRF:0
BRH:0
end_of_record
TN:
SF:src/plugin/flexBasis.ts
FNF:0
FNH:0
DA:1,2
DA:3,2
LF:2
LH:2
BRF:0
BRH:0
end_of_record
TN:
SF:src/plugin/flexDirection.ts
FN:3,(anonymous_0)
FNF:1
FNH:1
FNDA:433,(anonymous_0)
DA:3,2
DA:4,433
DA:5,415
DA:11,18
DA:12,6
DA:13,6
DA:14,12
DA:15,3
DA:16,3
DA:18,9
DA:19,9
DA:22,18
LF:12
LH:12
BRDA:4,0,0,415
BRDA:11,1,0,6
BRDA:11,1,1,12
BRDA:11,2,0,18
BRDA:11,2,1,16
BRDA:11,2,2,14
BRDA:14,3,0,3
BRDA:14,3,1,9
BRDA:14,4,0,12
BRDA:14,4,1,10
BRDA:18,5,0,5
BRDA:18,5,1,4
BRDA:19,6,0,5
BRDA:19,6,1,4
BRF:14
BRH:14
end_of_record
TN:
SF:src/plugin/flexFlow.ts
FN:3,(anonymous_0)
FNF:1
FNH:1
FNDA:481,(anonymous_0)
DA:3,2
DA:4,481
DA:5,452
DA:8,29
DA:9,4
DA:18,25
DA:25,10
DA:26,10
DA:33,15
DA:34,15
DA:37,25
LF:11
LH:11
BRDA:4,0,0,452
BRDA:8,1,0,4
BRDA:8,2,0,29
BRDA:8,2,1,27
BRDA:18,3,0,10
BRDA:18,3,1,15
BRDA:19,4,0,25
BRDA:19,4,1,23
BRDA:19,4,2,21
BRDA:19,4,3,19
BRDA:19,4,4,17
BRDA:33,5,0,8
BRDA:33,5,1,7
BRDA:34,6,0,7
BRDA:34,6,1,8
BRF:15
BRH:15
end_of_record
TN:
SF:src/plugin/flexGrowShrink.ts
FNF:0
FNH:0
DA:1,2
DA:3,2
LF:2
LH:2
BRF:0
BRH:0
end_of_record
TN:
SF:src/plugin/gradient.ts
FN:8,(anonymous_0)
FN:14,(anonymous_1)
FN:14,(anonymous_2)
FNF:3
FNH:3
FNDA:537,(anonymous_0)
FNDA:12,(anonymous_1)
FNDA:12,(anonymous_2)
DA:2,2
DA:3,2
DA:4,2
DA:6,2
DA:8,2
DA:9,537
DA:10,531
DA:13,6
DA:14,12
LF:9
LH:9
BRDA:9,0,0,531
BRDA:9,1,0,537
BRDA:9,1,1,507
BRF:3
BRH:3
end_of_record
TN:
SF:src/plugin/imageSet.ts
FNF:0
FNH:0
DA:1,2
DA:2,2
DA:4,2
LF:3
LH:3
BRF:0
BRH:0
end_of_record
TN:
SF:src/plugin/justifyContent.ts
FN:3,(anonymous_0)
FNF:1
FNH:1
FNDA:554,(anonymous_0)
DA:3,2
DA:4,554
DA:5,520
DA:8,34
DA:9,2
DA:15,32
DA:22,32
DA:24,32
LF:8
LH:8
BRDA:4,0,0,520
BRDA:8,1,0,2
BRDA:22,2,0,32
BRDA:22,2,1,26
BRF:4
BRH:4
end_of_record
TN:
SF:src/plugin/justifySelf.ts
FNF:0
FNH:0
DA:1,2
DA:3,2
LF:2
LH:2
BRF:0
BRH:0
end_of_record
TN:
SF:src/plugin/margin.ts
FNF:0
FNH:0
DA:1,2
DA:3,2
LF:2
LH:2
BRF:0
BRH:0
end_of_record
TN:
SF:src/plugin/padding.ts
FNF:0
FNH:0
DA:1,2
DA:3,2
LF:2
LH:2
BRF:0
BRH:0
end_of_record
TN:
SF:src/plugin/position.ts
FN:3,(anonymous_0)
FNF:1
FNH:1
FNDA:593,(anonymous_0)
DA:3,2
DA:4,593
DA:5,591
DA:8,2
LF:4
LH:4
BRDA:4,0,0,591
BRDA:4,1,0,593
BRDA:4,1,1,6
BRF:3
BRH:3
end_of_record
TN:
SF:src/plugin/size.ts
FN:25,(anonymous_0)
FN:30,(anonymous_1)
FN:38,(anonymous_2)
FN:41,(anonymous_3)
FNF:4
FNH:4
FNDA:634,(anonymous_0)
FNDA:18,(anonymous_1)
FNDA:22,(anonymous_2)
FNDA:66,(anonymous_3)
DA:1,2
DA:2,2
DA:5,2
DA:9,2
DA:18,2
DA:25,2
DA:26,634
DA:27,634
DA:29,634
DA:30,18
DA:31,625
DA:35,44
DA:36,11
DA:38,22
DA:41,66
LF:15
LH:15
BRDA:27,0,0,634
BRDA:27,0,1,77
BRDA:29,1,0,9
BRDA:29,1,1,625
BRDA:31,2,0,44
BRDA:35,3,0,11
BRF:6
BRH:6
end_of_record
TN:
SF:src/util/addVendorPrefixes.ts
FN:23,(anonymous_0)
FN:26,(anonymous_1)
FNF:2
FNH:2
FNDA:208,(anonymous_0)
FNDA:624,(anonymous_1)
DA:1,11
DA:2,11
DA:23,11
DA:24,208
DA:26,208
DA:27,624
DA:28,378
DA:34,208
LF:8
LH:8
BRDA:27,0,0,378
BRF:1
BRH:1
end_of_record
TN:
SF:src/util/isVendorPrefixed.ts
FN:19,(anonymous_0)
FN:21,(anonymous_1)
FNF:2
FNH:2
FNDA:2323,(anonymous_0)
FNDA:6969,(anonymous_1)
DA:1,7
DA:19,7
DA:20,2323
DA:21,6969
DA:24,2323
DA:26,2323
LF:6
LH:6
BRF:0
BRH:0
end_of_record
TN:
SF:src/util/makeFunctionPlugin.ts
FN:6,(anonymous_0)
FN:10,(anonymous_1)
FN:19,(anonymous_2)
FNF:3
FNH:3
FNDA:8,(anonymous_0)
FNDA:1782,(anonymous_1)
FNDA:20,(anonymous_2)
DA:3,5
DA:4,5
DA:6,5
DA:10,8
DA:11,1782
DA:15,1769
DA:18,13
DA:19,20
LF:8
LH:8
BRDA:11,0,0,1769
BRDA:12,1,0,1782
BRDA:12,1,1,1702
BRF:3
BRH:3
end_of_record
TN:
SF:src/util/makePropertyReplacer.ts
FN:3,(anonymous_0)
FN:3,(anonymous_1)
FN:8,(anonymous_2)
FNF:3
FNH:3
FNDA:12,(anonymous_0)
FNDA:3098,(anonymous_1)
FNDA:150,(anonymous_2)
DA:3,12
DA:4,3098
DA:5,2996
DA:8,150
LF:4
LH:4
BRDA:4,0,0,2996
BRF:1
BRH:1
end_of_record
TN:
SF:src/util/vendorPrefixes.ts
FNF:0
FNH:0
DA:5,12
LF:1
LH:1
BRF:0
BRH:0
end_of_record
