TN:
SF:src/Vendor.ts
FN:26,(anonymous_0)
FNF:1
FNH:1
FNDA:11,(anonymous_0)
DA:26,11
DA:30,11
DA:34,11
DA:38,11
DA:42,11
DA:46,11
DA:50,11
DA:54,11
DA:58,11
LF:9
LH:9
BRDA:26,0,0,11
BRDA:26,0,1,11
BRF:2
BRH:2
end_of_record
TN:
SF:src/plugins.ts
FNF:0
FNH:0
DA:1,1
DA:2,1
DA:3,1
DA:4,1
DA:5,1
DA:6,1
DA:7,1
DA:8,1
DA:9,1
DA:10,1
DA:11,1
DA:12,1
DA:13,1
DA:14,1
DA:15,1
DA:16,1
DA:17,1
DA:18,1
DA:19,1
DA:20,1
DA:21,1
DA:22,1
DA:29,1
LF:23
LH:23
BRF:0
BRH:0
end_of_record
TN:
SF:src/prefixer.ts
FN:60,(anonymous_0)
FN:63,(anonymous_1)
FN:83,(anonymous_2)
FNF:3
FNH:3
FNDA:5,(anonymous_0)
FNDA:315,(anonymous_1)
FNDA:213,(anonymous_2)
DA:2,2
DA:60,2
DA:63,5
DA:64,315
DA:66,315
DA:68,315
DA:69,110
DA:72,6586
DA:73,10155
DA:74,6586
DA:76,10155
DA:82,315
DA:83,213
DA:91,315
DA:93,315
LF:15
LH:15
BRDA:68,0,0,110
BRDA:74,1,0,1939
BRDA:74,1,1,4647
BRDA:77,2,0,10155
BRDA:77,2,1,9967
BRF:5
BRH:5
end_of_record
TN:
SF:src/propertyPrefixes.ts
FNF:0
FNH:0
DA:1,1
DA:9,1
LF:2
LH:2
BRF:0
BRH:0
end_of_record
TN:
SF:src/plugin/alignContent.ts
FN:3,(anonymous_0)
FNF:1
FNH:1
FNDA:321,(anonymous_0)
DA:3,2
DA:4,321
DA:5,285
DA:8,36
DA:15,36
DA:20,36
DA:21,8
DA:24,36
LF:8
LH:8
BRDA:4,0,0,285
BRDA:20,1,0,8
BRDA:20,2,0,36
BRDA:20,2,1,36
BRF:4
BRH:4
end_of_record
TN:
SF:src/plugin/alignItems.ts
FN:3,(anonymous_0)
FNF:1
FNH:1
FNDA:337,(anonymous_0)
DA:3,2
DA:4,337
DA:5,305
DA:8,32
DA:10,32
DA:11,4
DA:14,32
LF:7
LH:7
BRDA:4,0,0,305
BRDA:10,1,0,4
BRDA:10,2,0,32
BRDA:10,2,1,30
BRF:4
BRH:4
end_of_record
TN:
SF:src/plugin/alignSelf.ts
FN:3,(anonymous_0)
FNF:1
FNH:1
FNDA:385,(anonymous_0)
DA:3,2
DA:4,385
DA:5,353
DA:8,32
DA:9,4
DA:15,28
LF:6
LH:6
BRDA:4,0,0,353
BRDA:8,1,0,4
BRDA:8,2,0,32
BRDA:8,2,1,30
BRF:4
BRH:4
end_of_record
TN:
SF:src/plugin/backgroundClip.ts
FN:5,(anonymous_0)
FN:10,(anonymous_1)
FNF:2
FNH:2
FNDA:401,(anonymous_0)
FNDA:6,(anonymous_1)
DA:1,2
DA:2,2
DA:5,2
DA:6,401
DA:7,399
DA:10,6
LF:6
LH:6
BRDA:6,0,0,399
BRDA:6,1,0,401
BRDA:6,1,1,4
BRF:3
BRH:3
end_of_record
TN:
SF:src/plugin/border.ts
FNF:0
FNH:0
DA:1,2
DA:3,2
LF:2
LH:2
BRF:0
BRH:0
end_of_record
TN:
SF:src/plugin/calc.ts
FNF:0
FNH:0
DA:1,2
DA:2,2
DA:4,2
LF:3
LH:3
BRF:0
BRH:0
end_of_record
TN:
SF:src/plugin/crossFade.ts
FNF:0
FNH:0
DA:1,2
DA:2,2
DA:4,2
LF:3
LH:3
BRF:0
BRH:0
end_of_record
TN:
SF:src/plugin/cursor.ts
FN:12,(anonymous_0)
FN:21,(anonymous_1)
FNF:2
FNH:2
FNDA:422,(anonymous_0)
FNDA:16,(anonymous_1)
DA:1,2
DA:2,2
DA:5,2
DA:12,2
DA:13,422
DA:14,410
DA:17,12
DA:18,4
DA:21,16
LF:9
LH:9
BRDA:13,0,0,410
BRDA:13,1,0,422
BRDA:13,1,1,419
BRDA:17,2,0,4
BRF:4
BRH:4
end_of_record
TN:
SF:src/plugin/display.ts
FN:8,(anonymous_0)
FN:19,(anonymous_1)
FNF:2
FNH:2
FNDA:422,(anonymous_0)
FNDA:16,(anonymous_1)
DA:3,2
DA:8,2
DA:9,422
DA:10,416
DA:13,6
DA:15,6
DA:16,2
DA:19,16
LF:8
LH:8
BRDA:9,0,0,416
BRDA:9,1,0,422
BRDA:9,1,1,419
BRDA:15,2,0,2
BRF:4
BRH:4
end_of_record
TN:
SF:src/plugin/filter.ts
FNF:0
FNH:0
DA:1,2
DA:2,2
DA:4,2
LF:3
LH:3
BRF:0
BRH:0
end_of_record
TN:
SF:src/plugin/flexBasis.ts
FNF:0
FNH:0
DA:1,2
DA:3,2
LF:2
LH:2
BRF:0
BRH:0
end_of_record
TN:
SF:src/plugin/flexDirection.ts
FN:3,(anonymous_0)
FNF:1
FNH:1
FNDA:436,(anonymous_0)
DA:3,2
DA:4,436
DA:5,418
DA:11,18
DA:12,6
DA:13,6
DA:14,12
DA:15,3
DA:16,3
DA:18,9
DA:19,9
DA:22,18
LF:12
LH:12
BRDA:4,0,0,418
BRDA:11,1,0,6
BRDA:11,1,1,12
BRDA:11,2,0,18
BRDA:11,2,1,16
BRDA:11,2,2,14
BRDA:14,3,0,3
BRDA:14,3,1,9
BRDA:14,4,0,12
BRDA:14,4,1,10
BRDA:18,5,0,5
BRDA:18,5,1,4
BRDA:18,6,0,9
BRDA:18,6,1,9
BRDA:19,7,0,5
BRDA:19,7,1,4
BRDA:19,8,0,9
BRDA:19,8,1,9
BRF:18
BRH:18
end_of_record
TN:
SF:src/plugin/flexFlow.ts
FN:3,(anonymous_0)
FNF:1
FNH:1
FNDA:484,(anonymous_0)
DA:3,2
DA:4,484
DA:5,455
DA:8,29
DA:9,4
DA:18,25
DA:25,10
DA:26,10
DA:33,15
DA:34,15
DA:37,25
LF:11
LH:11
BRDA:4,0,0,455
BRDA:8,1,0,4
BRDA:8,2,0,29
BRDA:8,2,1,27
BRDA:18,3,0,10
BRDA:18,3,1,15
BRDA:19,4,0,25
BRDA:19,4,1,23
BRDA:19,4,2,21
BRDA:19,4,3,19
BRDA:19,4,4,17
BRDA:33,5,0,8
BRDA:33,5,1,7
BRDA:33,6,0,15
BRDA:33,6,1,15
BRDA:34,7,0,7
BRDA:34,7,1,8
BRDA:34,8,0,15
BRDA:34,8,1,15
BRF:19
BRH:19
end_of_record
TN:
SF:src/plugin/flexGrowShrink.ts
FNF:0
FNH:0
DA:1,2
DA:3,2
LF:2
LH:2
BRF:0
BRH:0
end_of_record
TN:
SF:src/plugin/gradient.ts
FN:8,(anonymous_0)
FN:14,(anonymous_1)
FN:14,(anonymous_2)
FNF:3
FNH:3
FNDA:540,(anonymous_0)
FNDA:12,(anonymous_1)
FNDA:12,(anonymous_2)
DA:2,2
DA:3,2
DA:4,2
DA:6,2
DA:8,2
DA:9,540
DA:10,534
DA:13,6
DA:14,12
LF:9
LH:9
BRDA:9,0,0,534
BRDA:9,1,0,540
BRDA:9,1,1,510
BRDA:9,1,2,507
BRF:4
BRH:4
end_of_record
TN:
SF:src/plugin/imageSet.ts
FNF:0
FNH:0
DA:1,2
DA:2,2
DA:4,2
LF:3
LH:3
BRF:0
BRH:0
end_of_record
TN:
SF:src/plugin/justifyContent.ts
FN:3,(anonymous_0)
FNF:1
FNH:1
FNDA:560,(anonymous_0)
DA:3,2
DA:4,560
DA:5,526
DA:8,34
DA:9,2
DA:15,32
DA:22,32
DA:24,32
LF:8
LH:8
BRDA:4,0,0,526
BRDA:4,1,0,560
BRDA:4,1,1,37
BRDA:4,1,2,35
BRDA:8,2,0,2
BRDA:22,3,0,32
BRDA:22,3,1,26
BRF:7
BRH:7
end_of_record
TN:
SF:src/plugin/justifySelf.ts
FNF:0
FNH:0
DA:1,2
DA:3,2
LF:2
LH:2
BRF:0
BRH:0
end_of_record
TN:
SF:src/plugin/margin.ts
FNF:0
FNH:0
DA:1,2
DA:3,2
LF:2
LH:2
BRF:0
BRH:0
end_of_record
TN:
SF:src/plugin/padding.ts
FNF:0
FNH:0
DA:1,2
DA:3,2
LF:2
LH:2
BRF:0
BRH:0
end_of_record
TN:
SF:src/plugin/position.ts
FN:3,(anonymous_0)
FNF:1
FNH:1
FNDA:596,(anonymous_0)
DA:3,2
DA:4,596
DA:5,594
DA:8,2
LF:4
LH:4
BRDA:4,0,0,594
BRDA:4,1,0,596
BRDA:4,1,1,6
BRF:3
BRH:3
end_of_record
TN:
SF:src/plugin/size.ts
FN:25,(anonymous_0)
FN:33,(anonymous_1)
FN:41,(anonymous_2)
FN:44,(anonymous_3)
FNF:4
FNH:4
FNDA:637,(anonymous_0)
FNDA:18,(anonymous_1)
FNDA:22,(anonymous_2)
FNDA:66,(anonymous_3)
DA:1,2
DA:2,2
DA:5,2
DA:9,2
DA:18,2
DA:25,2
DA:26,637
DA:28,637
DA:32,637
DA:33,18
DA:34,628
DA:38,44
DA:39,11
DA:41,22
DA:44,66
LF:15
LH:15
BRDA:28,0,0,637
BRDA:28,0,1,77
BRDA:28,0,2,77
BRDA:32,1,0,9
BRDA:32,1,1,628
BRDA:34,2,0,44
BRDA:38,3,0,11
BRF:7
BRH:7
end_of_record
TN:
SF:src/util/addVendorPrefixes.ts
FN:24,(anonymous_0)
FN:27,(anonymous_1)
FNF:2
FNH:2
FNDA:217,(anonymous_0)
FNDA:651,(anonymous_1)
DA:2,11
DA:3,11
DA:24,11
DA:25,217
DA:27,217
DA:28,651
DA:29,390
DA:35,217
LF:8
LH:8
BRDA:28,0,0,390
BRDA:30,1,0,390
BRDA:30,1,1,34
BRF:3
BRH:3
end_of_record
TN:
SF:src/util/isVendorPrefixed.ts
FN:20,(anonymous_0)
FN:26,(anonymous_1)
FNF:2
FNH:2
FNDA:2341,(anonymous_0)
FNDA:6969,(anonymous_1)
DA:2,7
DA:20,7
DA:21,2341
DA:22,18
DA:25,2323
DA:26,6969
DA:29,2323
DA:31,2323
LF:8
LH:8
BRDA:21,0,0,18
BRDA:21,1,0,2341
BRDA:21,1,1,2329
BRF:3
BRH:3
end_of_record
TN:
SF:src/util/makeFunctionPlugin.ts
FN:6,(anonymous_0)
FN:10,(anonymous_1)
FN:20,(anonymous_2)
FNF:3
FNH:3
FNDA:8,(anonymous_0)
FNDA:1794,(anonymous_1)
FNDA:20,(anonymous_2)
DA:3,5
DA:4,5
DA:6,5
DA:10,8
DA:11,1794
DA:16,1781
DA:19,13
DA:20,20
LF:8
LH:8
BRDA:11,0,0,1781
BRDA:12,1,0,1794
BRDA:12,1,1,1714
BRDA:12,1,2,1702
BRF:4
BRH:4
end_of_record
TN:
SF:src/util/makePropertyReplacer.ts
FN:3,(anonymous_0)
FN:3,(anonymous_1)
FN:8,(anonymous_2)
FNF:3
FNH:3
FNDA:12,(anonymous_0)
FNDA:3116,(anonymous_1)
FNDA:150,(anonymous_2)
DA:3,12
DA:4,3116
DA:5,3014
DA:8,150
LF:4
LH:4
BRDA:4,0,0,3014
BRF:1
BRH:1
end_of_record
TN:
SF:src/util/vendorPrefixes.ts
FNF:0
FNH:0
DA:5,12
LF:1
LH:1
BRF:0
BRH:0
end_of_record
